<?xml version="1.0" encoding="UTF-8"?>
<!-- Generated by org.testng.reporters.JUnitXMLReporter -->
<testsuite ignored="0" hostname="LAPTOP-FSMTSINL" failures="0" tests="7" name="MyRaceHorse" time="0.366" errors="0" timestamp="2022-04-13T16:17:30 IST">
  <testcase classname="com.pms.test.BuyAProduct" name="@BeforeMethod launchUrl" time="-1.649846849791E9">
    <failure type="org.testng.TestNGException" message="
Parameter &amp;apos;browserName&amp;apos; is required by BeforeMethod on method launchUrl but has not been marked @Optional or defined
in C:\Users\Lenovo\git\EPInew\liquorCart\testng.xml">
      <![CDATA[org.testng.TestNGException: 
Parameter 'browserName' is required by BeforeMethod on method launchUrl but has not been marked @Optional or defined
in C:\Users\Lenovo\git\EPInew\liquorCart\testng.xml
at java.base/java.util.ArrayList.forEach(ArrayList.java:1511)
... Removed 28 stack frames]]>
    </failure>
  </testcase> <!-- @BeforeMethod launchUrl -->
  <testcase classname="com.pms.test.BuyAProduct" name="@AfterMethod getResult" time="-1.649846849853E9">
    <skipped/>
  </testcase> <!-- @AfterMethod getResult -->
  <testcase classname="com.pms.test.AddAProductBeforeSignIn" name="@BeforeMethod launchUrl" time="-1.649846849883E9">
    <failure type="org.testng.TestNGException" message="
Parameter &amp;apos;browserName&amp;apos; is required by BeforeMethod on method launchUrl but has not been marked @Optional or defined
in C:\Users\Lenovo\git\EPInew\liquorCart\testng.xml">
      <![CDATA[org.testng.TestNGException: 
Parameter 'browserName' is required by BeforeMethod on method launchUrl but has not been marked @Optional or defined
in C:\Users\Lenovo\git\EPInew\liquorCart\testng.xml
at java.base/java.util.ArrayList.forEach(ArrayList.java:1511)
... Removed 28 stack frames]]>
    </failure>
  </testcase> <!-- @BeforeMethod launchUrl -->
  <testcase classname="com.pms.test.AddAProductBeforeSignIn" name="@AfterMethod getResult" time="-1.649846849897E9">
    <skipped/>
  </testcase> <!-- @AfterMethod getResult -->
  <testcase classname="com.pms.test.SearchBar" name="@BeforeMethod launchUrl" time="-1.649846849901E9">
    <failure type="org.testng.TestNGException" message="
Parameter &amp;apos;browserName&amp;apos; is required by BeforeMethod on method launchUrl but has not been marked @Optional or defined
in C:\Users\Lenovo\git\EPInew\liquorCart\testng.xml">
      <![CDATA[org.testng.TestNGException: 
Parameter 'browserName' is required by BeforeMethod on method launchUrl but has not been marked @Optional or defined
in C:\Users\Lenovo\git\EPInew\liquorCart\testng.xml
at java.base/java.util.ArrayList.forEach(ArrayList.java:1511)
... Removed 28 stack frames]]>
    </failure>
  </testcase> <!-- @BeforeMethod launchUrl -->
  <testcase classname="com.pms.test.SearchBar" name="@AfterMethod getResult" time="-1.649846849923E9">
    <skipped/>
  </testcase> <!-- @AfterMethod getResult -->
  <testcase classname="com.pms.test.SignInSignOut" name="@BeforeMethod launchUrl" time="-1.649846849964E9">
    <failure type="org.testng.TestNGException" message="
Parameter &amp;apos;browserName&amp;apos; is required by BeforeMethod on method launchUrl but has not been marked @Optional or defined
in C:\Users\Lenovo\git\EPInew\liquorCart\testng.xml">
      <![CDATA[org.testng.TestNGException: 
Parameter 'browserName' is required by BeforeMethod on method launchUrl but has not been marked @Optional or defined
in C:\Users\Lenovo\git\EPInew\liquorCart\testng.xml
at java.base/java.util.ArrayList.forEach(ArrayList.java:1511)
... Removed 28 stack frames]]>
    </failure>
  </testcase> <!-- @BeforeMethod launchUrl -->
  <testcase classname="com.pms.test.SignInSignOut" name="@AfterMethod getResult" time="-1.649846849995E9">
    <skipped/>
  </testcase> <!-- @AfterMethod getResult -->
  <testcase classname="com.pms.test.UserSignUp" name="@BeforeMethod launchUrl" time="-1.64984685001E9">
    <failure type="org.testng.TestNGException" message="
Parameter &amp;apos;browserName&amp;apos; is required by BeforeMethod on method launchUrl but has not been marked @Optional or defined
in C:\Users\Lenovo\git\EPInew\liquorCart\testng.xml">
      <![CDATA[org.testng.TestNGException: 
Parameter 'browserName' is required by BeforeMethod on method launchUrl but has not been marked @Optional or defined
in C:\Users\Lenovo\git\EPInew\liquorCart\testng.xml
at java.base/java.util.ArrayList.forEach(ArrayList.java:1511)
... Removed 28 stack frames]]>
    </failure>
  </testcase> <!-- @BeforeMethod launchUrl -->
  <testcase classname="com.pms.test.UserSignUp" name="@AfterMethod getResult" time="-1.649846850027E9">
    <skipped/>
  </testcase> <!-- @AfterMethod getResult -->
  <testcase classname="com.pms.test.AddAProductBeforeSignIn" name="@AfterTest tearDown" time="-1.649846850033E9">
    <skipped/>
  </testcase> <!-- @AfterTest tearDown -->
  <testcase classname="com.pms.test.BuyAProduct" name="@AfterTest tearDown" time="-1.64984685004E9">
    <skipped/>
  </testcase> <!-- @AfterTest tearDown -->
  <testcase classname="com.pms.test.SearchBar" name="@AfterTest tearDown" time="-1.649846850048E9">
    <skipped/>
  </testcase> <!-- @AfterTest tearDown -->
  <testcase classname="com.pms.test.SignInSignOut" name="@AfterTest tearDown" time="-1.64984685005E9">
    <skipped/>
  </testcase> <!-- @AfterTest tearDown -->
  <testcase classname="com.pms.test.UserSignUp" name="@AfterTest tearDown" time="-1.649846850055E9">
    <skipped/>
  </testcase> <!-- @AfterTest tearDown -->
  <testcase classname="com.pms.test.BuyAProduct" name="buyProducts" time="0.0">
    <skipped/>
  </testcase> <!-- buyProducts -->
  <testcase classname="com.pms.test.AddAProductBeforeSignIn" name="loginURL" time="0.0">
    <skipped/>
  </testcase> <!-- loginURL -->
  <testcase classname="com.pms.test.SearchBar" name="searchValid" time="0.0">
    <skipped/>
  </testcase> <!-- searchValid -->
  <testcase classname="com.pms.test.SearchBar" name="invalidSearch" time="0.0">
    <skipped/>
  </testcase> <!-- invalidSearch -->
  <testcase classname="com.pms.test.SignInSignOut" name="signIn" time="0.0">
    <skipped/>
  </testcase> <!-- signIn -->
  <testcase classname="com.pms.test.SignInSignOut" name="signOut" time="0.0">
    <skipped/>
  </testcase> <!-- signOut -->
  <testcase classname="com.pms.test.UserSignUp" name="loginURL" time="0.0">
    <skipped/>
  </testcase> <!-- loginURL -->
</testsuite> <!-- MyRaceHorse -->
